<?xml version="1.0" encoding="UTF-8"?>
<!-- Generated by org.testng.reporters.JUnitXMLReporter -->
<testsuite hostname="BLLCLAPUS1410" ignored="3" name="Default test" tests="1" failures="0" timestamp="2022-03-07T12:26:09 PST" time="13.626" errors="0">
  <testcase name="verifyAdvertisement" time="12.213" classname="com.qa.ebay.EbayAutomation.EbayTest"/>
  <testcase name="verifyEbaySearch" time="0.0" classname="com.qa.ebay.EbayAutomation.EbayTest">
    <ignored/>
  </testcase> <!-- verifyEbaySearch -->
  <testcase name="verifySubCategoryUnderMainCategory" time="0.0" classname="com.qa.ebay.EbayAutomation.EbayTest">
    <ignored/>
  </testcase> <!-- verifySubCategoryUnderMainCategory -->
  <testcase name="verifyEbayCategory" time="0.0" classname="com.qa.ebay.EbayAutomation.EbayTest">
    <ignored/>
  </testcase> <!-- verifyEbayCategory -->
</testsuite> <!-- Default test -->
