<?xml version="1.0" encoding="UTF-8"?>
<!-- Generated by org.testng.reporters.JUnitXMLReporter -->
<testsuite hostname="BLLCLAPUS1410" ignored="0" name="Test" tests="8" failures="2" timestamp="2022-03-15T18:18:59 PDT" time="60.111" errors="0">
  <testcase name="DailyDealsLink" time="9.298" classname="com.qa.ebay.EbayAutomation.EbayTest"/>
  <testcase name="HomePageScroll" time="4.319" classname="com.qa.ebay.EbayAutomation.EbayTest"/>
  <testcase name="getSubCategory" time="6.879" classname="com.qa.ebay.EbayAutomation.EbayTest">
    <failure type="java.lang.IndexOutOfBoundsException" message="Index: 3, Size: 3">
      <![CDATA[java.lang.IndexOutOfBoundsException: Index: 3, Size: 3
at java.util.ArrayList.rangeCheck(ArrayList.java:657)
at java.util.ArrayList.get(ArrayList.java:433)
at com.qa.ebay.EbayAutomation.EbayTest.getSubCategory(EbayTest.java:100)
at java.util.ArrayList.forEach(ArrayList.java:1257)
... Removed 27 stack frames]]>
    </failure>
  </testcase> <!-- getSubCategory -->
  <testcase name="verifyAdvertisement" time="4.452" classname="com.qa.ebay.EbayAutomation.EbayTest"/>
  <testcase name="verifyEbayCategory" time="7.138" classname="com.qa.ebay.EbayAutomation.EbayTest"/>
  <testcase name="verifyEbaySearch" time="11.698" classname="com.qa.ebay.EbayAutomation.EbayTest"/>
  <testcase name="verifySubCategoryUnderMainCategory" time="6.318" classname="com.qa.ebay.EbayAutomation.EbayTest"/>
  <testcase name="testcase1" time="0.478" classname="com.qa.ebay.EbayAutomation.EbayBackEndTest">
    <failure type="java.lang.AssertionError" message="expected [200 OK] but found [301 MOVED_PERMANENTLY]">
      <![CDATA[java.lang.AssertionError: expected [200 OK] but found [301 MOVED_PERMANENTLY]
at com.qa.ebay.EbayAutomation.EbayBackEndTest.testcase1(EbayBackEndTest.java:59)
at java.util.ArrayList.forEach(ArrayList.java:1257)
... Removed 32 stack frames]]>
    </failure>
  </testcase> <!-- testcase1 -->
</testsuite> <!-- Test -->
